CRITICAL - 2023-01-29 20:30:12 --> include(./templates/header.php): Failed to open stream: No such file or directory
in APPPATH\Views\Inicio.php on line 1.
 1 APPPATH\Views\Inicio.php(1): CodeIgniter\Debug\Exceptions->errorHandler(2, 'include(./templates/header.php): Failed to open stream: No such file or directory', 'APPPATH\\Views\\Inicio.php', 1)
 2 APPPATH\Views\Inicio.php(1): include()
 3 SYSTEMPATH\View\View.php(213): include('APPPATH\\Views\\Inicio.php')
 4 SYSTEMPATH\View\View.php(216): CodeIgniter\View\View->CodeIgniter\View\{closure}()
 5 SYSTEMPATH\Common.php(1177): CodeIgniter\View\View->render('Inicio', [], true)
 6 APPPATH\Controllers\Home.php(9): view('Inicio')
 7 SYSTEMPATH\CodeIgniter.php(934): App\Controllers\Home->index()
 8 SYSTEMPATH\CodeIgniter.php(499): CodeIgniter\CodeIgniter->runController(Object(App\Controllers\Home))
 9 SYSTEMPATH\CodeIgniter.php(368): CodeIgniter\CodeIgniter->handleRequest(null, Object(Config\Cache), false)
10 FCPATH\index.php(67): CodeIgniter\CodeIgniter->run()
CRITICAL - 2023-01-29 20:31:23 --> include(./templates/header.php): Failed to open stream: No such file or directory
in APPPATH\Views\Inicio.php on line 1.
 1 APPPATH\Views\Inicio.php(1): CodeIgniter\Debug\Exceptions->errorHandler(2, 'include(./templates/header.php): Failed to open stream: No such file or directory', 'APPPATH\\Views\\Inicio.php', 1)
 2 APPPATH\Views\Inicio.php(1): include()
 3 SYSTEMPATH\View\View.php(213): include('APPPATH\\Views\\Inicio.php')
 4 SYSTEMPATH\View\View.php(216): CodeIgniter\View\View->CodeIgniter\View\{closure}()
 5 SYSTEMPATH\Common.php(1177): CodeIgniter\View\View->render('Inicio', [], true)
 6 APPPATH\Controllers\Home.php(9): view('Inicio')
 7 SYSTEMPATH\CodeIgniter.php(934): App\Controllers\Home->index()
 8 SYSTEMPATH\CodeIgniter.php(499): CodeIgniter\CodeIgniter->runController(Object(App\Controllers\Home))
 9 SYSTEMPATH\CodeIgniter.php(368): CodeIgniter\CodeIgniter->handleRequest(null, Object(Config\Cache), false)
10 FCPATH\index.php(67): CodeIgniter\CodeIgniter->run()
CRITICAL - 2023-01-29 20:32:44 --> include(../Views/templates/header.php): Failed to open stream: No such file or directory
in APPPATH\Views\Inicio.php on line 1.
 1 APPPATH\Views\Inicio.php(1): CodeIgniter\Debug\Exceptions->errorHandler(2, 'include(../Views/templates/header.php): Failed to open stream: No such file or directory', 'APPPATH\\Views\\Inicio.php', 1)
 2 APPPATH\Views\Inicio.php(1): include()
 3 SYSTEMPATH\View\View.php(213): include('APPPATH\\Views\\Inicio.php')
 4 SYSTEMPATH\View\View.php(216): CodeIgniter\View\View->CodeIgniter\View\{closure}()
 5 SYSTEMPATH\Common.php(1177): CodeIgniter\View\View->render('Inicio', [], true)
 6 APPPATH\Controllers\Home.php(9): view('Inicio')
 7 SYSTEMPATH\CodeIgniter.php(934): App\Controllers\Home->index()
 8 SYSTEMPATH\CodeIgniter.php(499): CodeIgniter\CodeIgniter->runController(Object(App\Controllers\Home))
 9 SYSTEMPATH\CodeIgniter.php(368): CodeIgniter\CodeIgniter->handleRequest(null, Object(Config\Cache), false)
10 FCPATH\index.php(67): CodeIgniter\CodeIgniter->run()
